# JRE version: OpenJDK Runtime Environment Temurin-21.0.6+7 (21.0.6+7) (build 21.0.6+7-LTS)
# Java VM: OpenJDK 64-Bit Server VM Temurin-21.0.6+7 (21.0.6+7-LTS, mixed mode, sharing, tiered, compressed oops, compressed class ptrs, parallel gc, windows-amd64)
GC Precious Log:
 CardTable entry size: 512
 CPUs: 12 total, 12 available
 Memory: 16233M
 Large Page Support: Disabled
 NUMA Support: Disabled
 Compressed Oops: Enabled (32-bit)
 Alignments: Space 512K, Generation 512K, Heap 2M
 Heap Min Capacity: 100M
 Heap Initial Capacity: 100M
 Heap Max Capacity: 1G
 Pre-touch: Disabled
 Parallel Workers: 10
Heap:
 PSYoungGen      total 6656K, used 3433K [0x00000000eab00000, 0x00000000eb300000, 0x0000000100000000)
  eden space 6144K, 55% used [0x00000000eab00000,0x00000000eae5a5f8,0x00000000eb100000)
  from space 512K, 0% used [0x00000000eb100000,0x00000000eb100000,0x00000000eb180000)
  to   space 512K, 0% used [0x00000000eb280000,0x00000000eb280000,0x00000000eb300000)
 ParOldGen       total 209408K, used 208427K [0x00000000c0000000, 0x00000000ccc80000, 0x00000000eab00000)
  object space 209408K, 99% used [0x00000000c0000000,0x00000000ccb8ad88,0x00000000ccc80000)
 Metaspace       used 88455K, committed 90624K, reserved 1179648K
  class space    used 8675K, committed 9600K, reserved 1048576K
GC Heap History (20 events):
Event: 870.110 GC heap before
{Heap before GC invocations=3628 (full 10):
 PSYoungGen      total 6656K, used 6480K [0x00000000eab00000, 0x00000000eb500000, 0x0000000100000000)
  eden space 4096K, 100% used [0x00000000eab00000,0x00000000eaf00000,0x00000000eaf00000)
  from space 2560K, 93% used [0x00000000eaf00000,0x00000000eb154000,0x00000000eb180000)
  to   space 3072K, 0% used [0x00000000eb200000,0x00000000eb200000,0x00000000eb500000)
 ParOldGen       total 680448K, used 680426K [0x00000000c0000000, 0x00000000e9880000, 0x00000000eab00000)
  object space 680448K, 99% used [0x00000000c0000000,0x00000000e987a908,0x00000000e9880000)
 Metaspace       used 88731K, committed 90560K, reserved 1179648K
  class space    used 8754K, committed 9600K, reserved 1048576K
}
Event: 870.113 GC heap after
{Heap after GC invocations=3628 (full 10):
 PSYoungGen      total 4608K, used 3046K [0x00000000eab00000, 0x00000000ebb00000, 0x0000000100000000)
  eden space 1536K, 0% used [0x00000000eab00000,0x00000000eab00000,0x00000000eac80000)
  from space 3072K, 99% used [0x00000000eb200000,0x00000000eb4f99a0,0x00000000eb500000)
  to   space 5632K, 0% used [0x00000000eac80000,0x00000000eac80000,0x00000000eb200000)
 ParOldGen       total 682496K, used 682434K [0x00000000c0000000, 0x00000000e9a80000, 0x00000000eab00000)
  object space 682496K, 99% used [0x00000000c0000000,0x00000000e9a70908,0x00000000e9a80000)
 Metaspace       used 88731K, committed 90560K, reserved 1179648K
  class space    used 8754K, committed 9600K, reserved 1048576K
}
Event: 870.115 GC heap before
{Heap before GC invocations=3629 (full 10):
 PSYoungGen      total 4608K, used 4582K [0x00000000eab00000, 0x00000000ebb00000, 0x0000000100000000)
  eden space 1536K, 100% used [0x00000000eab00000,0x00000000eac80000,0x00000000eac80000)
  from space 3072K, 99% used [0x00000000eb200000,0x00000000eb4f99a0,0x00000000eb500000)
  to   space 5632K, 0% used [0x00000000eac80000,0x00000000eac80000,0x00000000eb200000)
 ParOldGen       total 682496K, used 682434K [0x00000000c0000000, 0x00000000e9a80000, 0x00000000eab00000)
  object space 682496K, 99% used [0x00000000c0000000,0x00000000e9a70908,0x00000000e9a80000)
 Metaspace       used 88744K, committed 90560K, reserved 1179648K
  class space    used 8754K, committed 9600K, reserved 1048576K
}
Event: 870.118 GC heap after
{Heap after GC invocations=3629 (full 10):
 PSYoungGen      total 3072K, used 1360K [0x00000000eab00000, 0x00000000eb300000, 0x0000000100000000)
  eden space 1536K, 0% used [0x00000000eab00000,0x00000000eab00000,0x00000000eac80000)
  from space 1536K, 88% used [0x00000000eac80000,0x00000000eadd4010,0x00000000eae00000)
  to   space 3072K, 0% used [0x00000000eb000000,0x00000000eb000000,0x00000000eb300000)
 ParOldGen       total 685568K, used 685504K [0x00000000c0000000, 0x00000000e9d80000, 0x00000000eab00000)
  object space 685568K, 99% used [0x00000000c0000000,0x00000000e9d702a8,0x00000000e9d80000)
 Metaspace       used 88744K, committed 90560K, reserved 1179648K
  class space    used 8754K, committed 9600K, reserved 1048576K
}
Event: 870.121 GC heap before
{Heap before GC invocations=3630 (full 10):
 PSYoungGen      total 3072K, used 2896K [0x00000000eab00000, 0x00000000eb300000, 0x0000000100000000)
  eden space 1536K, 100% used [0x00000000eab00000,0x00000000eac80000,0x00000000eac80000)
  from space 1536K, 88% used [0x00000000eac80000,0x00000000eadd4010,0x00000000eae00000)
  to   space 3072K, 0% used [0x00000000eb000000,0x00000000eb000000,0x00000000eb300000)
 ParOldGen       total 685568K, used 685504K [0x00000000c0000000, 0x00000000e9d80000, 0x00000000eab00000)
  object space 685568K, 99% used [0x00000000c0000000,0x00000000e9d702a8,0x00000000e9d80000)
 Metaspace       used 88757K, committed 90624K, reserved 1179648K
  class space    used 8754K, committed 9600K, reserved 1048576K
}
Event: 870.124 GC heap after
{Heap after GC invocations=3630 (full 10):
 PSYoungGen      total 4096K, used 1636K [0x00000000eab00000, 0x00000000eb200000, 0x0000000100000000)
  eden space 2048K, 0% used [0x00000000eab00000,0x00000000eab00000,0x00000000ead00000)
  from space 2048K, 79% used [0x00000000eb000000,0x00000000eb199040,0x00000000eb200000)
  to   space 2048K, 0% used [0x00000000eae00000,0x00000000eae00000,0x00000000eb000000)
 ParOldGen       total 687104K, used 686760K [0x00000000c0000000, 0x00000000e9f00000, 0x00000000eab00000)
  object space 687104K, 99% used [0x00000000c0000000,0x00000000e9eaa2c8,0x00000000e9f00000)
 Metaspace       used 88757K, committed 90624K, reserved 1179648K
  class space    used 8754K, committed 9600K, reserved 1048576K
}
Event: 870.126 GC heap before
{Heap before GC invocations=3631 (full 10):
 PSYoungGen      total 4096K, used 3684K [0x00000000eab00000, 0x00000000eb200000, 0x0000000100000000)
  eden space 2048K, 100% used [0x00000000eab00000,0x00000000ead00000,0x00000000ead00000)
  from space 2048K, 79% used [0x00000000eb000000,0x00000000eb199040,0x00000000eb200000)
  to   space 2048K, 0% used [0x00000000eae00000,0x00000000eae00000,0x00000000eb000000)
 ParOldGen       total 687104K, used 686760K [0x00000000c0000000, 0x00000000e9f00000, 0x00000000eab00000)
  object space 687104K, 99% used [0x00000000c0000000,0x00000000e9eaa2c8,0x00000000e9f00000)
 Metaspace       used 88757K, committed 90624K, reserved 1179648K
  class space    used 8754K, committed 9600K, reserved 1048576K
}
Event: 870.128 GC heap after
{Heap after GC invocations=3631 (full 10):
 PSYoungGen      total 4608K, used 2029K [0x00000000eab00000, 0x00000000eb580000, 0x0000000100000000)
  eden space 2560K, 0% used [0x00000000eab00000,0x00000000eab00000,0x00000000ead80000)
  from space 2048K, 99% used [0x00000000eae00000,0x00000000eaffb658,0x00000000eb000000)
  to   space 4096K, 0% used [0x00000000eb180000,0x00000000eb180000,0x00000000eb580000)
 ParOldGen       total 688640K, used 688323K [0x00000000c0000000, 0x00000000ea080000, 0x00000000eab00000)
  object space 688640K, 99% used [0x00000000c0000000,0x00000000ea030e58,0x00000000ea080000)
 Metaspace       used 88757K, committed 90624K, reserved 1179648K
  class space    used 8754K, committed 9600K, reserved 1048576K
}
Event: 870.130 GC heap before
{Heap before GC invocations=3632 (full 10):
 PSYoungGen      total 4608K, used 4589K [0x00000000eab00000, 0x00000000eb580000, 0x0000000100000000)
  eden space 2560K, 100% used [0x00000000eab00000,0x00000000ead80000,0x00000000ead80000)
  from space 2048K, 99% used [0x00000000eae00000,0x00000000eaffb658,0x00000000eb000000)
  to   space 4096K, 0% used [0x00000000eb180000,0x00000000eb180000,0x00000000eb580000)
 ParOldGen       total 688640K, used 688323K [0x00000000c0000000, 0x00000000ea080000, 0x00000000eab00000)
  object space 688640K, 99% used [0x00000000c0000000,0x00000000ea030e58,0x00000000ea080000)
 Metaspace       used 88757K, committed 90624K, reserved 1179648K
  class space    used 8754K, committed 9600K, reserved 1048576K
}
Event: 870.132 GC heap after
{Heap after GC invocations=3632 (full 10):
 PSYoungGen      total 6144K, used 2696K [0x00000000eab00000, 0x00000000eb480000, 0x0000000100000000)
  eden space 3072K, 0% used [0x00000000eab00000,0x00000000eab00000,0x00000000eae00000)
  from space 3072K, 87% used [0x00000000eb180000,0x00000000eb422198,0x00000000eb480000)
  to   space 3072K, 0% used [0x00000000eae80000,0x00000000eae80000,0x00000000eb180000)
 ParOldGen       total 690688K, used 690337K [0x00000000c0000000, 0x00000000ea280000, 0x00000000eab00000)
  object space 690688K, 99% used [0x00000000c0000000,0x00000000ea2287e8,0x00000000ea280000)
 Metaspace       used 88757K, committed 90624K, reserved 1179648K
  class space    used 8754K, committed 9600K, reserved 1048576K
}
Event: 870.136 GC heap before
{Heap before GC invocations=3633 (full 10):
 PSYoungGen      total 6144K, used 5635K [0x00000000eab00000, 0x00000000eb480000, 0x0000000100000000)
  eden space 3072K, 95% used [0x00000000eab00000,0x00000000eaddebe0,0x00000000eae00000)
  from space 3072K, 87% used [0x00000000eb180000,0x00000000eb422198,0x00000000eb480000)
  to   space 3072K, 0% used [0x00000000eae80000,0x00000000eae80000,0x00000000eb180000)
 ParOldGen       total 690688K, used 690337K [0x00000000c0000000, 0x00000000ea280000, 0x00000000eab00000)
  object space 690688K, 99% used [0x00000000c0000000,0x00000000ea2287e8,0x00000000ea280000)
 Metaspace       used 88757K, committed 90624K, reserved 1179648K
  class space    used 8754K, committed 9600K, reserved 1048576K
}
Event: 870.138 GC heap after
{Heap after GC invocations=3633 (full 10):
 PSYoungGen      total 6656K, used 2961K [0x00000000eab00000, 0x00000000eb500000, 0x0000000100000000)
  eden space 3584K, 0% used [0x00000000eab00000,0x00000000eab00000,0x00000000eae80000)
  from space 3072K, 96% used [0x00000000eae80000,0x00000000eb164788,0x00000000eb180000)
  to   space 3072K, 0% used [0x00000000eb200000,0x00000000eb200000,0x00000000eb500000)
 ParOldGen       total 693248K, used 692901K [0x00000000c0000000, 0x00000000ea500000, 0x00000000eab00000)
  object space 693248K, 99% used [0x00000000c0000000,0x00000000ea4a9478,0x00000000ea500000)
 Metaspace       used 88757K, committed 90624K, reserved 1179648K
  class space    used 8754K, committed 9600K, reserved 1048576K
}
Event: 870.149 GC heap before
{Heap before GC invocations=3634 (full 10):
 PSYoungGen      total 6656K, used 6545K [0x00000000eab00000, 0x00000000eb500000, 0x0000000100000000)
  eden space 3584K, 100% used [0x00000000eab00000,0x00000000eae80000,0x00000000eae80000)
  from space 3072K, 96% used [0x00000000eae80000,0x00000000eb164788,0x00000000eb180000)
  to   space 3072K, 0% used [0x00000000eb200000,0x00000000eb200000,0x00000000eb500000)
 ParOldGen       total 693248K, used 692901K [0x00000000c0000000, 0x00000000ea500000, 0x00000000eab00000)
  object space 693248K, 99% used [0x00000000c0000000,0x00000000ea4a9478,0x00000000ea500000)
 Metaspace       used 88757K, committed 90624K, reserved 1179648K
  class space    used 8754K, committed 9600K, reserved 1048576K
}
Event: 870.151 GC heap after
{Heap after GC invocations=3634 (full 10):
 PSYoungGen      total 7168K, used 1824K [0x00000000eab00000, 0x00000000eb480000, 0x0000000100000000)
  eden space 4608K, 0% used [0x00000000eab00000,0x00000000eab00000,0x00000000eaf80000)
  from space 2560K, 71% used [0x00000000eb200000,0x00000000eb3c8000,0x00000000eb480000)
  to   space 2560K, 0% used [0x00000000eaf80000,0x00000000eaf80000,0x00000000eb200000)
 ParOldGen       total 695296K, used 694861K [0x00000000c0000000, 0x00000000ea700000, 0x00000000eab00000)
  object space 695296K, 99% used [0x00000000c0000000,0x00000000ea693478,0x00000000ea700000)
 Metaspace       used 88757K, committed 90624K, reserved 1179648K
  class space    used 8754K, committed 9600K, reserved 1048576K
}
Event: 870.154 GC heap before
{Heap before GC invocations=3635 (full 10):
 PSYoungGen      total 7168K, used 2297K [0x00000000eab00000, 0x00000000eb480000, 0x0000000100000000)
  eden space 4608K, 10% used [0x00000000eab00000,0x00000000eab766d8,0x00000000eaf80000)
  from space 2560K, 71% used [0x00000000eb200000,0x00000000eb3c8000,0x00000000eb480000)
  to   space 2560K, 0% used [0x00000000eaf80000,0x00000000eaf80000,0x00000000eb200000)
 ParOldGen       total 699392K, used 694861K [0x00000000c0000000, 0x00000000eab00000, 0x00000000eab00000)
  object space 699392K, 99% used [0x00000000c0000000,0x00000000ea693478,0x00000000eab00000)
 Metaspace       used 88757K, committed 90624K, reserved 1179648K
  class space    used 8754K, committed 9600K, reserved 1048576K
}
Event: 870.156 GC heap after
{Heap after GC invocations=3635 (full 10):
 PSYoungGen      total 5120K, used 432K [0x00000000eab00000, 0x00000000eb280000, 0x0000000100000000)
  eden space 4608K, 0% used [0x00000000eab00000,0x00000000eab00000,0x00000000eaf80000)
  from space 512K, 84% used [0x00000000eaf80000,0x00000000eafec010,0x00000000eb000000)
  to   space 1024K, 0% used [0x00000000eb180000,0x00000000eb180000,0x00000000eb280000)
 ParOldGen       total 699392K, used 697197K [0x00000000c0000000, 0x00000000eab00000, 0x00000000eab00000)
  object space 699392K, 99% used [0x00000000c0000000,0x00000000ea8db488,0x00000000eab00000)
 Metaspace       used 88757K, committed 90624K, reserved 1179648K
  class space    used 8754K, committed 9600K, reserved 1048576K
}
Event: 870.156 GC heap before
{Heap before GC invocations=3636 (full 10):
 PSYoungGen      total 5120K, used 432K [0x00000000eab00000, 0x00000000eb280000, 0x0000000100000000)
  eden space 4608K, 0% used [0x00000000eab00000,0x00000000eab00000,0x00000000eaf80000)
  from space 512K, 84% used [0x00000000eaf80000,0x00000000eafec010,0x00000000eb000000)
  to   space 1024K, 0% used [0x00000000eb180000,0x00000000eb180000,0x00000000eb280000)
 ParOldGen       total 699392K, used 697197K [0x00000000c0000000, 0x00000000eab00000, 0x00000000eab00000)
  object space 699392K, 99% used [0x00000000c0000000,0x00000000ea8db488,0x00000000eab00000)
 Metaspace       used 88757K, committed 90624K, reserved 1179648K
  class space    used 8754K, committed 9600K, reserved 1048576K
}
Event: 870.157 GC heap after
{Heap after GC invocations=3636 (full 10):
 PSYoungGen      total 6144K, used 0K [0x00000000eab00000, 0x00000000eb200000, 0x0000000100000000)
  eden space 5632K, 0% used [0x00000000eab00000,0x00000000eab00000,0x00000000eb080000)
  from space 512K, 0% used [0x00000000eb180000,0x00000000eb180000,0x00000000eb200000)
  to   space 512K, 0% used [0x00000000eb100000,0x00000000eb100000,0x00000000eb180000)
 ParOldGen       total 699392K, used 697509K [0x00000000c0000000, 0x00000000eab00000, 0x00000000eab00000)
  object space 699392K, 99% used [0x00000000c0000000,0x00000000ea9294b8,0x00000000eab00000)
 Metaspace       used 88757K, committed 90624K, reserved 1179648K
  class space    used 8754K, committed 9600K, reserved 1048576K
}
Event: 870.157 GC heap before
{Heap before GC invocations=3637 (full 11):
 PSYoungGen      total 6144K, used 0K [0x00000000eab00000, 0x00000000eb200000, 0x0000000100000000)
  eden space 5632K, 0% used [0x00000000eab00000,0x00000000eab00000,0x00000000eb080000)
  from space 512K, 0% used [0x00000000eb180000,0x00000000eb180000,0x00000000eb200000)
  to   space 512K, 0% used [0x00000000eb100000,0x00000000eb100000,0x00000000eb180000)
 ParOldGen       total 699392K, used 697509K [0x00000000c0000000, 0x00000000eab00000, 0x00000000eab00000)
  object space 699392K, 99% used [0x00000000c0000000,0x00000000ea9294b8,0x00000000eab00000)
 Metaspace       used 88757K, committed 90624K, reserved 1179648K
  class space    used 8754K, committed 9600K, reserved 1048576K
}
Event: 870.325 GC heap after
{Heap after GC invocations=3637 (full 11):
 PSYoungGen      total 6656K, used 0K [0x00000000eab00000, 0x00000000eb300000, 0x0000000100000000)
  eden space 6144K, 0% used [0x00000000eab00000,0x00000000eab00000,0x00000000eb100000)
  from space 512K, 0% used [0x00000000eb100000,0x00000000eb100000,0x00000000eb180000)
  to   space 512K, 0% used [0x00000000eb280000,0x00000000eb280000,0x00000000eb300000)
 ParOldGen       total 209408K, used 177707K [0x00000000c0000000, 0x00000000ccc80000, 0x00000000eab00000)
  object space 209408K, 84% used [0x00000000c0000000,0x00000000cad8ad58,0x00000000ccc80000)
 Metaspace       used 88455K, committed 90624K, reserved 1179648K
  class space    used 8675K, committed 9600K, reserved 1048576K
}

